#
# There is insufficient memory for the Java Runtime Environment to continue.
# Native memory allocation (mmap) failed to map 266338304 bytes for G1 virtual space
# Possible reasons:
#   The system is out of physical RAM or swap space
#   The process is running with CompressedOops enabled, and the Java Heap may be blocking the growth of the native heap
# Possible solutions:
#   Reduce memory load on the system
#   Increase physical memory or swap space
#   Check if swap backing store is full
#   Decrease Java heap size (-Xmx/-Xms)
#   Decrease number of Java threads
#   Decrease Java thread stack sizes (-Xss)
#   Set larger code cache with -XX:ReservedCodeCacheSize=
#   JVM is running with Zero Based Compressed Oops mode in which the Java heap is
#     placed in the first 32GB address space. The Java Heap base address is the
#     maximum limit for the native heap growth. Please use -XX:HeapBaseMinAddress
#     to set the Java Heap base and to place the Java Heap above 32GB virtual address.
# This output file may be truncated or incomplete.
#
#  Out of Memory Error (./open/src/hotspot/os/windows/os_windows.cpp:3321), pid=13668, tid=3792
#
# JRE version:  (15.0.2+7) (build )
# Java VM: OpenJDK 64-Bit Server VM (15.0.2+7-27, mixed mode, sharing, tiered, compressed oops, g1 gc, windows-amd64)
# No core dump will be written. Minidumps are not enabled by default on client versions of Windows
#

---------------  S U M M A R Y ------------

Command Line: -Dfile.encoding=Cp1252 -XX:+ShowCodeDetailsInExceptionMessages com.chainsys.product.test.ProductClient

Host: Intel(R) Core(TM) i5-10210U CPU @ 1.60GHz, 8 cores, 15G,  Windows 10 , 64 bit Build 19041 (10.0.19041.292)
Time: Wed May 26 20:18:35 2021 India Standard Time elapsed time: 0.038898 seconds (0d 0h 0m 0s)

---------------  T H R E A D  ---------------

Current thread (0x0000021e95428470):  JavaThread "Unknown thread" [_thread_in_vm, id=3792, stack(0x0000008d48700000,0x0000008d48800000)]

Stack: [0x0000008d48700000,0x0000008d48800000]
Native frames: (J=compiled Java code, j=interpreted, Vv=VM code, C=native code)
V  [jvm.dll+0x62ae9a]
V  [jvm.dll+0x7817a9]
V  [jvm.dll+0x782f03]
V  [jvm.dll+0x783563]
V  [jvm.dll+0x216325]
V  [jvm.dll+0x6281d9]
V  [jvm.dll+0x61cf55]
V  [jvm.dll+0x2cffdd]
V  [jvm.dll+0x2cfe42]
V  [jvm.dll+0x2d5e1c]
V  [jvm.dll+0x32590a]
V  [jvm.dll+0x324fd4]
V  [jvm.dll+0x2a6f5a]
V  [jvm.dll+0x2a80f8]
V  [jvm.dll+0x75e241]
V  [jvm.dll+0x3341c4]
V  [jvm.dll+0x73e926]
V  [jvm.dll+0x3b7557]
V  [jvm.dll+0x3b8fe1]
C  [jli.dll+0x52fb]
C  [ucrtbase.dll+0x21542]
C  [KERNEL32.DLL+0x16fd4]
C  [ntdll.dll+0x4cec1]


---------------  P R O C E S S  ---------------

Threads class SMR info:
_java_thread_list=0x00007fff40974ff0, length=0, elements={
}

Java Threads: ( => current thread )

Other Threads:
  0x0000021e9543c750 GCTaskThread "GC Thread#0" [stack: 0x0000008d48800000,0x0000008d48900000] [id=1388]
  0x0000021e9548cf20 ConcurrentGCThread "G1 Main Marker" [stack: 0x0000008d48900000,0x0000008d48a00000] [id=16836]
  0x0000021e9548de00 ConcurrentGCThread "G1 Conc#0" [stack: 0x0000008d48a00000,0x0000008d48b00000] [id=14120]

[error occurred during error reporting (printing all threads), id 0xc0000005, EXCEPTION_ACCESS_VIOLATION (0xc0000005) at pc=0x00007fff40167e27]

VM state: not at safepoint (not fully initialized)

VM Mutex/Monitor currently owned by a thread:  ([mutex/lock_event])
[0x0000021e95424570] Heap_lock - owner thread: 0x0000021e95428470

Heap address: 0x0000000702800000, size: 4056 MB, Compressed Oops mode: Zero based, Oop shift amount: 3
CDS archive(s) mapped at: [0x0000000000000000-0x0000000000000000-0x0000000000000000), size 0, SharedBaseAddress: 0x0000000800000000, ArchiveRelocationMode: 0.
Narrow klass base: 0x0000000000000000, Narrow klass shift: 0, Narrow klass range: 0x0

Heap:
 garbage-first heap   total 260096K, used 0K [0x0000000702800000, 0x0000000800000000)
  region size 2048K, 0 young (0K), 0 survivors (0K)
 Metaspace       used 0K, capacity 0K, committed 0K, reserved 0K
  class space    used 0K, capacity 0K, committed 0K, reserved 0K

Heap Regions: E=young(eden), S=young(survivor), O=old, HS=humongous(starts), HC=humongous(continues), CS=collection set, F=free, OA=open archive, CA=closed archive, TAMS=top-at-mark-start (previous, next)

Card table byte_map: [0x0000021ea8950000,0x0000021ea9140000] _byte_map_base: 0x0000021ea513c000

Marking Bits (Prev, Next): (CMBitMap*) 0x0000021e9547b3b0, (CMBitMap*) 0x0000021e9547b3f0
 Prev Bits: [0x0000021ea9930000, 0x0000021ead890000)
 Next Bits: [0x0000021ead890000, 0x0000021eb17f0000)

GC Heap History (0 events):
No events

Deoptimization events (0 events):
No events

Classes unloaded (0 events):
No events

Classes redefined (0 events):
No events

Internal exceptions (0 events):
No events

Events (1 events):
Event: 0.019 Loaded shared library C:\Users\moga2593\Downloads\eclipse\plugins\org.eclipse.justj.openjdk.hotspot.jre.full.win32.x86_64_15.0.2.v20210201-0955\jre\bin\java.dll


Dynamic libraries:
0x00007ff70e7f0000 - 0x00007ff70e7fd000 	C:\Users\moga2593\Downloads\eclipse\plugins\org.eclipse.justj.openjdk.hotspot.jre.full.win32.x86_64_15.0.2.v20210201-0955\jre\bin\javaw.exe
0x00007fff8b270000 - 0x00007fff8b465000 	C:\windows\SYSTEM32\ntdll.dll
0x00007fff8a990000 - 0x00007fff8aa4d000 	C:\windows\System32\KERNEL32.DLL
0x00007fff88d40000 - 0x00007fff89007000 	C:\windows\System32\KERNELBASE.dll
0x0000000068620000 - 0x00000000686b5000 	C:\windows\System32\SYSFER.DLL
0x00007fff892e0000 - 0x00007fff8938a000 	C:\windows\System32\ADVAPI32.dll
0x00007fff8ac70000 - 0x00007fff8ad0e000 	C:\windows\System32\msvcrt.dll
0x00007fff89390000 - 0x00007fff8942b000 	C:\windows\System32\sechost.dll
0x00007fff8b100000 - 0x00007fff8b223000 	C:\windows\System32\RPCRT4.dll
0x00007fff88b00000 - 0x00007fff88c00000 	C:\windows\System32\ucrtbase.dll
0x00007fff7fd80000 - 0x00007fff7fd99000 	C:\Users\moga2593\Downloads\eclipse\plugins\org.eclipse.justj.openjdk.hotspot.jre.full.win32.x86_64_15.0.2.v20210201-0955\jre\bin\VCRUNTIME140.dll
0x00007fff84090000 - 0x00007fff840a8000 	C:\Users\moga2593\Downloads\eclipse\plugins\org.eclipse.justj.openjdk.hotspot.jre.full.win32.x86_64_15.0.2.v20210201-0955\jre\bin\jli.dll
0x00007fff8aea0000 - 0x00007fff8b040000 	C:\windows\System32\USER32.dll
0x00007fff889c0000 - 0x00007fff889e2000 	C:\windows\System32\win32u.dll
0x00007fff8ade0000 - 0x00007fff8ae0a000 	C:\windows\System32\GDI32.dll
0x00007fff88c00000 - 0x00007fff88d0a000 	C:\windows\System32\gdi32full.dll
0x00007fff890e0000 - 0x00007fff8917d000 	C:\windows\System32\msvcp_win.dll
0x00007fff6ffb0000 - 0x00007fff7024a000 	C:\windows\WinSxS\amd64_microsoft.windows.common-controls_6595b64144ccf1df_6.0.19041.1_none_b555e41d4684ddec\COMCTL32.dll
0x00007fff8ac00000 - 0x00007fff8ac08000 	C:\windows\System32\psapi.dll
0x00007fff8a960000 - 0x00007fff8a990000 	C:\windows\System32\IMM32.DLL
0x00007fff839e0000 - 0x00007fff839ec000 	C:\Users\moga2593\Downloads\eclipse\plugins\org.eclipse.justj.openjdk.hotspot.jre.full.win32.x86_64_15.0.2.v20210201-0955\jre\bin\vcruntime140_1.dll
0x00007fff5a920000 - 0x00007fff5a9b1000 	C:\Users\moga2593\Downloads\eclipse\plugins\org.eclipse.justj.openjdk.hotspot.jre.full.win32.x86_64_15.0.2.v20210201-0955\jre\bin\msvcp140.dll
0x00007fff3feb0000 - 0x00007fff40a0e000 	C:\Users\moga2593\Downloads\eclipse\plugins\org.eclipse.justj.openjdk.hotspot.jre.full.win32.x86_64_15.0.2.v20210201-0955\jre\bin\server\jvm.dll
0x00007fff66fe0000 - 0x00007fff66fe9000 	C:\windows\SYSTEM32\WSOCK32.dll
0x00007fff8a810000 - 0x00007fff8a87b000 	C:\windows\System32\WS2_32.dll
0x00007fff71360000 - 0x00007fff71387000 	C:\windows\SYSTEM32\WINMM.dll
0x00007fff87720000 - 0x00007fff8772a000 	C:\windows\SYSTEM32\VERSION.dll
0x00007fff87500000 - 0x00007fff87513000 	C:\windows\SYSTEM32\kernel.appcore.dll
0x00007fff80070000 - 0x00007fff8007a000 	C:\Users\moga2593\Downloads\eclipse\plugins\org.eclipse.justj.openjdk.hotspot.jre.full.win32.x86_64_15.0.2.v20210201-0955\jre\bin\jimage.dll
0x00007fff87220000 - 0x00007fff87404000 	C:\windows\SYSTEM32\DBGHELP.DLL
0x00007fff67560000 - 0x00007fff6758c000 	C:\windows\SYSTEM32\dbgcore.DLL
0x00007fff89010000 - 0x00007fff8908f000 	C:\windows\System32\bcryptPrimitives.dll
0x00007fff6dc70000 - 0x00007fff6dc95000 	C:\Users\moga2593\Downloads\eclipse\plugins\org.eclipse.justj.openjdk.hotspot.jre.full.win32.x86_64_15.0.2.v20210201-0955\jre\bin\java.dll

dbghelp: loaded successfully - version: 4.0.5 - missing functions: none
symbol engine: initialized successfully - sym options: 0x614 - pdb path: .;C:\Users\moga2593\Downloads\eclipse\plugins\org.eclipse.justj.openjdk.hotspot.jre.full.win32.x86_64_15.0.2.v20210201-0955\jre\bin;C:\windows\SYSTEM32;C:\windows\WinSxS\amd64_microsoft.windows.common-controls_6595b64144ccf1df_6.0.19041.1_none_b555e41d4684ddec;C:\Users\moga2593\Downloads\eclipse\plugins\org.eclipse.justj.openjdk.hotspot.jre.full.win32.x86_64_15.0.2.v20210201-0955\jre\bin\server

VM Arguments:
jvm_args: -Dfile.encoding=Cp1252 -XX:+ShowCodeDetailsInExceptionMessages 
java_command: com.chainsys.product.test.ProductClient
java_class_path (initial): C:\Users\moga2593\java\product-app-main\bin;C:\oraclexe\app\oracle\product\11.2.0\server\jdbc\lib\ojdbc6.jar
Launcher Type: SUN_STANDARD

[Global flags]
     intx CICompilerCount                          = 4                                         {product} {ergonomic}
     uint ConcGCThreads                            = 2                                         {product} {ergonomic}
     uint G1ConcRefinementThreads                  = 8                                         {product} {ergonomic}
   size_t G1HeapRegionSize                         = 2097152                                   {product} {ergonomic}
    uintx GCDrainStackTargetSize                   = 64                                        {product} {ergonomic}
   size_t InitialHeapSize                          = 266338304                                 {product} {ergonomic}
   size_t MarkStackSize                            = 4194304                                   {product} {ergonomic}
   size_t MaxHeapSize                              = 4253024256                                {product} {ergonomic}
   size_t MinHeapDeltaBytes                        = 2097152                                   {product} {ergonomic}
   size_t MinHeapSize                              = 8388608                                   {product} {ergonomic}
    uintx NonNMethodCodeHeapSize                   = 5839372                                {pd product} {ergonomic}
    uintx NonProfiledCodeHeapSize                  = 122909434                              {pd product} {ergonomic}
    uintx ProfiledCodeHeapSize                     = 122909434                              {pd product} {ergonomic}
    uintx ReservedCodeCacheSize                    = 251658240                              {pd product} {ergonomic}
     bool SegmentedCodeCache                       = true                                      {product} {ergonomic}
     bool ShowCodeDetailsInExceptionMessages       = true                                   {manageable} {command line}
   size_t SoftMaxHeapSize                          = 4253024256                             {manageable} {ergonomic}
     bool UseCompressedClassPointers               = true                                 {lp64_product} {ergonomic}
     bool UseCompressedOops                        = true                                 {lp64_product} {ergonomic}
     bool UseG1GC                                  = true                                      {product} {ergonomic}
     bool UseLargePagesIndividualAllocation        = false                                  {pd product} {ergonomic}

Logging:
Log output configuration:
 #0: stdout all=warning uptime,level,tags
 #1: stderr all=off uptime,level,tags

Environment Variables:
PATH=C:/Users/moga2593/Downloads/eclipse//plugins/org.eclipse.justj.openjdk.hotspot.jre.full.win32.x86_64_15.0.2.v20210201-0955/jre/bin/server;C:/Users/moga2593/Downloads/eclipse//plugins/org.eclipse.justj.openjdk.hotspot.jre.full.win32.x86_64_15.0.2.v20210201-0955/jre/bin;E:\OraHome_1\bin;E:\OraHome_1\jre\1.4.2\bin\client;E:\OraHome_1\jre\1.4.2\bin;E:\DevSuiteHome_1\jdk\jre\bin\classic;E:\DevSuiteHome_1\jdk\jre\bin;E:\DevSuiteHome_1\jdk\jre\bin\client;E:\DevSuiteHome_1\jlib;E:\DevSuiteHome_1\bin;E:\DevSuiteHome_1\jre\1.4.2\bin\client;E:\DevSuiteHome_1\jre\1.4.2\bin;C:\oraclexe\app\oracle\product\11.2.0\server\bin;;C:\Program Files (x86)\Common Files\Oracle\Java\javapath;C:\windows\system32;C:\windows;C:\windows\System32\Wbem;C:\windows\System32\WindowsPowerShell\v1.0\;C:\windows\System32\OpenSSH\;C:\Users\moga2593\AppData\Local\Microsoft\WindowsApps;C:\Users\moga2593\AppData\Local\Programs\Git\cmd;C:\Users\moga2593\Downloads\eclipse;
USERNAME=moga2593
OS=Windows_NT
PROCESSOR_IDENTIFIER=Intel64 Family 6 Model 142 Stepping 12, GenuineIntel



---------------  S Y S T E M  ---------------

OS:
 Windows 10 , 64 bit Build 19041 (10.0.19041.292)
OS uptime: 2 days 2:08 hours

CPU: total 8 (initial active 8) (4 cores per cpu, 2 threads per core) family 6 model 142 stepping 12 microcode 0xde, cmov, cx8, fxsr, mmx, sse, sse2, sse3, ssse3, sse4.1, sse4.2, popcnt, vzeroupper, avx, avx2, aes, clmul, erms, 3dnowpref, lzcnt, ht, tsc, tscinvbit, bmi1, bmi2, adx, fma, clflush, clflushopt

Memory: 4k page, system-wide physical 16221M (7328M free)
TotalPageFile size 21721M (AvailPageFile size 133M)
current process WorkingSet (physical memory assigned to process): 10M, peak: 10M
current process commit charge ("private bytes"): 60M, peak: 314M

vm_info: OpenJDK 64-Bit Server VM (15.0.2+7-27) for windows-amd64 JRE (15.0.2+7-27), built on Dec  7 2020 20:02:38 by "mach5one" with unknown MS VC++:1925

END.
